#
# A fatal error has been detected by the Java Runtime Environment:
#
#  Internal Error (javaClasses.cpp:136), pid=5684, tid=2076
#  fatal error: Invalid layout of preloaded class
#
# JRE version:  (7.0_51-b13) (build )
# Java VM: Java HotSpot(TM) 64-Bit Server VM (24.51-b03 mixed mode windows-amd64 compressed oops)
# Failed to write core dump. Minidumps are not enabled by default on client versions of Windows
#
# If you would like to submit a bug report, please visit:
#   http://bugreport.sun.com/bugreport/crash.jsp
#

---------------  T H R E A D  ---------------

Current thread (0x000000000230d800):  JavaThread "Unknown thread" [_thread_in_vm, id=2076, stack(0x00000000024b0000,0x00000000025b0000)]

Stack: [0x00000000024b0000,0x00000000025b0000]

---------------  P R O C E S S  ---------------

Java Threads: ( => current thread )

Other Threads:

=>0x000000000230d800 (exited) JavaThread "Unknown thread" [_thread_in_vm, id=2076, stack(0x00000000024b0000,0x00000000025b0000)]

VM state:not at safepoint (not fully initialized)

VM Mutex/Monitor currently owned by a thread: None

GC Heap History (0 events):
No events

Deoptimization events (0 events):
No events

Internal exceptions (0 events):
No events

Events (10 events):
Event: 0.009 loading class 0x000000000afe0760 done
Event: 0.009 loading class 0x000000000afe0180 done
Event: 0.009 loading class 0x000000000afe0160
Event: 0.009 loading class 0x000000000afe8260
Event: 0.009 loading class 0x000000000afe8260 done
Event: 0.009 loading class 0x000000000afe8290
Event: 0.009 loading class 0x000000000afe8290 done
Event: 0.009 loading class 0x000000000afe82c0
Event: 0.009 loading class 0x000000000afe82c0 done
Event: 0.009 loading class 0x000000000afe0160 done


Dynamic libraries:
0x000000013ffd0000 - 0x0000000140003000 	C:\Program Files\Java\jre7\bin\javaw.exe
0x0000000077960000 - 0x0000000077b09000 	C:\Windows\SYSTEM32\ntdll.dll
0x0000000077840000 - 0x000000007795f000 	C:\Windows\system32\kernel32.dll
0x000007fefca20000 - 0x000007fefca8c000 	C:\Windows\system32\KERNELBASE.dll
0x000007fefd120000 - 0x000007fefd1fb000 	C:\Windows\system32\ADVAPI32.dll
0x000007fefd570000 - 0x000007fefd60f000 	C:\Windows\system32\msvcrt.dll
0x000007fefca90000 - 0x000007fefcaaf000 	C:\Windows\SYSTEM32\sechost.dll
0x000007fefcca0000 - 0x000007fefcdcd000 	C:\Windows\system32\RPCRT4.dll
0x0000000077740000 - 0x000000007783a000 	C:\Windows\system32\USER32.dll
0x000007fefcab0000 - 0x000007fefcb17000 	C:\Windows\system32\GDI32.dll
0x000007fefcb20000 - 0x000007fefcb2e000 	C:\Windows\system32\LPK.dll
0x000007fefcb30000 - 0x000007fefcbf9000 	C:\Windows\system32\USP10.dll
0x000007fefb110000 - 0x000007fefb304000 	C:\Windows\WinSxS\amd64_microsoft.windows.common-controls_6595b64144ccf1df_6.0.7601.17514_none_fa396087175ac9ac\COMCTL32.dll
0x000007fefdac0000 - 0x000007fefdb31000 	C:\Windows\system32\SHLWAPI.dll
0x000007fefdb40000 - 0x000007fefdb6e000 	C:\Windows\system32\IMM32.DLL
0x000007fefd200000 - 0x000007fefd309000 	C:\Windows\system32\MSCTF.dll
0x00000000657c0000 - 0x0000000065892000 	C:\Program Files\Java\jre7\bin\msvcr100.dll
0x0000000064ff0000 - 0x00000000657b9000 	C:\Program Files\Java\jre7\bin\server\jvm.dll
0x000007fef8b50000 - 0x000007fef8b59000 	C:\Windows\system32\WSOCK32.dll
0x000007fefd310000 - 0x000007fefd35d000 	C:\Windows\system32\WS2_32.dll
0x000007fefea90000 - 0x000007fefea98000 	C:\Windows\system32\NSI.dll
0x000007fef9830000 - 0x000007fef986b000 	C:\Windows\system32\WINMM.dll
0x0000000077b30000 - 0x0000000077b37000 	C:\Windows\system32\PSAPI.DLL
0x00000000751e0000 - 0x00000000751ef000 	C:\Program Files\Java\jre7\bin\verify.dll
0x0000000067b30000 - 0x0000000067b58000 	C:\Program Files\Java\jre7\bin\java.dll
0x0000000074e90000 - 0x0000000074ea5000 	C:\Program Files\Java\jre7\bin\zip.dll

VM Arguments:
jvm_args: -Dfile.encoding=Cp1252 -Xbootclasspath:C:\Users\Crafton\Documents\adt-bundle-windows-x86_64-20140321\sdk\platforms\android-19\android.jar 
java_command: com.example.macrocalculator.main
Launcher Type: SUN_STANDARD

Environment Variables:
PATH=C:\Windows\system32;C:\Windows;C:\Windows\System32\Wbem;C:\Windows\System32\WindowsPowerShell\v1.0\;C:\Users\Crafton\AppData\Local\Smartbar\Application\;C:\Program Files\Dell\Dell Wireless WLAN Card;C:\Program Files (x86)\nodejs\;C:\RailsInstaller\Git\cmd;C:\RailsInstaller\Ruby1.9.3\bin;C:\Ruby21-x64\bin;C:\Users\Crafton\AppData\Roaming\npm;C:\Program Files (x86)\Java\jre7\bin
USERNAME=Crafton
OS=Windows_NT
PROCESSOR_IDENTIFIER=Intel64 Family 6 Model 30 Stepping 5, GenuineIntel



---------------  S Y S T E M  ---------------

OS: Windows 7 , 64 bit Build 7601 Service Pack 1

CPU:total 8 (4 cores per cpu, 2 threads per core) family 6 model 30 stepping 5, cmov, cx8, fxsr, mmx, sse, sse2, sse3, ssse3, sse4.1, sse4.2, popcnt, ht, tsc, tscinvbit

Memory: 4k page, physical 8379512k(5384708k free), swap 16757160k(13555656k free)

vm_info: Java HotSpot(TM) 64-Bit Server VM (24.51-b03) for windows-amd64 JRE (1.7.0_51-b13), built on Dec 18 2013 18:40:56 by "java_re" with unknown MS VC++:1600

time: Mon Dec 01 20:38:57 2014
elapsed time: 0 seconds

